
*** Running vivado
    with args -log FourBitAdder.vds -m64 -product Vivado -mode batch -messageDb vivado.pb -notrace -source FourBitAdder.tcl


****** Vivado v2025.1 (64-bit)
  **** SW Build 6140274 on Wed May 21 22:58:25 MDT 2025
  **** IP Build 6138677 on Thu May 22 03:10:11 MDT 2025
  **** SharedData Build 6139179 on Tue May 20 17:58:58 MDT 2025
  **** Start of session at: Sat Sep 20 10:38:12 2025
    ** Copyright 1986-2022 Xilinx, Inc. All Rights Reserved.
    ** Copyright 2022-2025 Advanced Micro Devices, Inc. All Rights Reserved.

source FourBitAdder.tcl -notrace
Command: read_checkpoint -auto_incremental -incremental /home/jc2409/Projects/Comp_Arch_Onur_Labs/Lab_02/4bit_adder/4bit_adder.srcs/utils_1/imports/synth_1/FullAdder.dcp
INFO: [Vivado 12-5825] Read reference checkpoint from /home/jc2409/Projects/Comp_Arch_Onur_Labs/Lab_02/4bit_adder/4bit_adder.srcs/utils_1/imports/synth_1/FullAdder.dcp for incremental synthesis
INFO: [Vivado 12-7989] Please ensure there are no constraint changes
Command: synth_design -top FourBitAdder -part xc7a35tcpg236-1
Starting synth_design
Attempting to get a license for feature 'Synthesis' and/or device 'xc7a35t'
INFO: [Common 17-349] Got license for feature 'Synthesis' and/or device 'xc7a35t'
INFO: [Device 21-403] Loading part xc7a35tcpg236-1
INFO: [Synth 8-7079] Multithreading enabled for synth_design using a maximum of 7 processes.
INFO: [Synth 8-7078] Launching helper process for spawning children vivado processes
INFO: [Synth 8-7075] Helper process launched with PID 108476
---------------------------------------------------------------------------------
Starting RTL Elaboration : Time (s): cpu = 00:00:02 ; elapsed = 00:00:02 . Memory (MB): peak = 2099.078 ; gain = 437.773 ; free physical = 13188 ; free virtual = 28505
---------------------------------------------------------------------------------
INFO: [Synth 8-6157] synthesizing module 'FourBitAdder' [/home/jc2409/Projects/Comp_Arch_Onur_Labs/Lab_02/4bit_adder/4bit_adder.srcs/sources_1/new/FourBitAdder.v:23]
INFO: [Synth 8-6157] synthesizing module 'FullAdder' [/home/jc2409/Projects/Comp_Arch_Onur_Labs/Lab_02/4bit_adder/4bit_adder.srcs/sources_1/new/FullAdder.v:23]
INFO: [Synth 8-6155] done synthesizing module 'FullAdder' (0#1) [/home/jc2409/Projects/Comp_Arch_Onur_Labs/Lab_02/4bit_adder/4bit_adder.srcs/sources_1/new/FullAdder.v:23]
INFO: [Synth 8-6155] done synthesizing module 'FourBitAdder' (0#1) [/home/jc2409/Projects/Comp_Arch_Onur_Labs/Lab_02/4bit_adder/4bit_adder.srcs/sources_1/new/FourBitAdder.v:23]
---------------------------------------------------------------------------------
Finished RTL Elaboration : Time (s): cpu = 00:00:03 ; elapsed = 00:00:03 . Memory (MB): peak = 2172.047 ; gain = 510.742 ; free physical = 13098 ; free virtual = 28416
---------------------------------------------------------------------------------
---------------------------------------------------------------------------------
Start Handling Custom Attributes
---------------------------------------------------------------------------------
---------------------------------------------------------------------------------
Finished Handling Custom Attributes : Time (s): cpu = 00:00:03 ; elapsed = 00:00:03 . Memory (MB): peak = 2189.859 ; gain = 528.555 ; free physical = 13097 ; free virtual = 28415
---------------------------------------------------------------------------------
---------------------------------------------------------------------------------
Finished RTL Optimization Phase 1 : Time (s): cpu = 00:00:03 ; elapsed = 00:00:03 . Memory (MB): peak = 2189.859 ; gain = 528.555 ; free physical = 13097 ; free virtual = 28415
---------------------------------------------------------------------------------
Netlist sorting complete. Time (s): cpu = 00:00:00 ; elapsed = 00:00:00 . Memory (MB): peak = 2189.859 ; gain = 0.000 ; free physical = 13097 ; free virtual = 28415
INFO: [Project 1-570] Preparing netlist for logic optimization

Processing XDC Constraints
Initializing timing engine
Parsing XDC File [/home/jc2409/Projects/Comp_Arch_Onur_Labs/Lab_02/4bit_adder/4bit_adder.srcs/constrs_1/new/contraints.xdc]
Finished Parsing XDC File [/home/jc2409/Projects/Comp_Arch_Onur_Labs/Lab_02/4bit_adder/4bit_adder.srcs/constrs_1/new/contraints.xdc]
INFO: [Project 1-236] Implementation specific constraints were found while reading constraint file [/home/jc2409/Projects/Comp_Arch_Onur_Labs/Lab_02/4bit_adder/4bit_adder.srcs/constrs_1/new/contraints.xdc]. These constraints will be ignored for synthesis but will be used in implementation. Impacted constraints are listed in the file [.Xil/FourBitAdder_propImpl.xdc].
Resolution: To avoid this warning, move constraints listed in [.Xil/FourBitAdder_propImpl.xdc] to another XDC file and exclude this new file from synthesis with the used_in_synthesis property (File Properties dialog in GUI) and re-run elaboration/synthesis.
Completed Processing XDC Constraints

Netlist sorting complete. Time (s): cpu = 00:00:00 ; elapsed = 00:00:00 . Memory (MB): peak = 2327.598 ; gain = 0.000 ; free physical = 13083 ; free virtual = 28401
INFO: [Project 1-111] Unisim Transformation Summary:
No Unisim elements were transformed.

Constraint Validation Runtime : Time (s): cpu = 00:00:00 ; elapsed = 00:00:00 . Memory (MB): peak = 2327.633 ; gain = 0.000 ; free physical = 13083 ; free virtual = 28401
---------------------------------------------------------------------------------
Finished Constraint Validation : Time (s): cpu = 00:00:06 ; elapsed = 00:00:06 . Memory (MB): peak = 2327.633 ; gain = 666.328 ; free physical = 13090 ; free virtual = 28408
---------------------------------------------------------------------------------
---------------------------------------------------------------------------------
Start Loading Part and Timing Information
---------------------------------------------------------------------------------
Loading part: xc7a35tcpg236-1
---------------------------------------------------------------------------------
Finished Loading Part and Timing Information : Time (s): cpu = 00:00:06 ; elapsed = 00:00:06 . Memory (MB): peak = 2335.602 ; gain = 674.297 ; free physical = 13090 ; free virtual = 28408
---------------------------------------------------------------------------------
---------------------------------------------------------------------------------
Start Applying 'set_property' XDC Constraints
---------------------------------------------------------------------------------
---------------------------------------------------------------------------------
Finished applying 'set_property' XDC Constraints : Time (s): cpu = 00:00:06 ; elapsed = 00:00:06 . Memory (MB): peak = 2335.602 ; gain = 674.297 ; free physical = 13090 ; free virtual = 28408
---------------------------------------------------------------------------------
---------------------------------------------------------------------------------
Start Preparing Guide Design
---------------------------------------------------------------------------------
CRITICAL WARNING: [Synth 8-6895] The reference checkpoint /home/jc2409/Projects/Comp_Arch_Onur_Labs/Lab_02/4bit_adder/4bit_adder.srcs/utils_1/imports/synth_1/FullAdder.dcp is not suitable for use with incremental synthesis for this design. Please regenerate the checkpoint for this design with -incremental_synth switch in the same Vivado session that synth_design has been run. Synthesis will continue with the default flow
---------------------------------------------------------------------------------
Finished Doing Graph Differ : Time (s): cpu = 00:00:06 ; elapsed = 00:00:06 . Memory (MB): peak = 2335.602 ; gain = 674.297 ; free physical = 13114 ; free virtual = 28431
---------------------------------------------------------------------------------
---------------------------------------------------------------------------------
Finished Preparing Guide Design : Time (s): cpu = 00:00:06 ; elapsed = 00:00:06 . Memory (MB): peak = 2335.602 ; gain = 674.297 ; free physical = 13114 ; free virtual = 28431
---------------------------------------------------------------------------------
---------------------------------------------------------------------------------
Finished RTL Optimization Phase 2 : Time (s): cpu = 00:00:06 ; elapsed = 00:00:06 . Memory (MB): peak = 2335.602 ; gain = 674.297 ; free physical = 13114 ; free virtual = 28430
---------------------------------------------------------------------------------


Incremental Synthesis Report Summary:

1. Incremental synthesis run: no

   Reason for not running incremental synthesis : 


INFO: [Synth 8-7130] Flow is switching to default flow due to incremental criteria not met. If you would like to alter this behaviour and have the flow terminate instead, please set the following parameter config_implementation {autoIncr.Synth.RejectBehavior Terminate}
---------------------------------------------------------------------------------
Start RTL Component Statistics 
---------------------------------------------------------------------------------
Detailed RTL Component Info : 
---------------------------------------------------------------------------------
Finished RTL Component Statistics 
---------------------------------------------------------------------------------
---------------------------------------------------------------------------------
Start Part Resource Summary
---------------------------------------------------------------------------------
Part Resources:
DSPs: 90 (col length:60)
BRAMs: 100 (col length: RAMB18 60 RAMB36 30)
---------------------------------------------------------------------------------
Finished Part Resource Summary
---------------------------------------------------------------------------------
---------------------------------------------------------------------------------
Start Cross Boundary and Area Optimization
---------------------------------------------------------------------------------
WARNING: [Synth 8-7080] Parallel synthesis criteria is not met
---------------------------------------------------------------------------------
Finished Cross Boundary and Area Optimization : Time (s): cpu = 00:00:07 ; elapsed = 00:00:07 . Memory (MB): peak = 2335.602 ; gain = 674.297 ; free physical = 13111 ; free virtual = 28433
---------------------------------------------------------------------------------
---------------------------------------------------------------------------------
Start Applying XDC Timing Constraints
---------------------------------------------------------------------------------
---------------------------------------------------------------------------------
Finished Applying XDC Timing Constraints : Time (s): cpu = 00:00:09 ; elapsed = 00:00:10 . Memory (MB): peak = 2349.602 ; gain = 688.297 ; free physical = 13051 ; free virtual = 28372
---------------------------------------------------------------------------------
---------------------------------------------------------------------------------
Start Timing Optimization
---------------------------------------------------------------------------------
---------------------------------------------------------------------------------
Finished Timing Optimization : Time (s): cpu = 00:00:09 ; elapsed = 00:00:10 . Memory (MB): peak = 2349.602 ; gain = 688.297 ; free physical = 13051 ; free virtual = 28372
---------------------------------------------------------------------------------
---------------------------------------------------------------------------------
Start Technology Mapping
---------------------------------------------------------------------------------
---------------------------------------------------------------------------------
Finished Technology Mapping : Time (s): cpu = 00:00:09 ; elapsed = 00:00:10 . Memory (MB): peak = 2359.617 ; gain = 698.312 ; free physical = 13043 ; free virtual = 28364
---------------------------------------------------------------------------------
---------------------------------------------------------------------------------
Start IO Insertion
---------------------------------------------------------------------------------
---------------------------------------------------------------------------------
Start Flattening Before IO Insertion
---------------------------------------------------------------------------------
---------------------------------------------------------------------------------
Finished Flattening Before IO Insertion
---------------------------------------------------------------------------------
---------------------------------------------------------------------------------
Start Final Netlist Cleanup
---------------------------------------------------------------------------------
---------------------------------------------------------------------------------
Finished Final Netlist Cleanup
---------------------------------------------------------------------------------
---------------------------------------------------------------------------------
Finished IO Insertion : Time (s): cpu = 00:00:11 ; elapsed = 00:00:12 . Memory (MB): peak = 2534.430 ; gain = 873.125 ; free physical = 12923 ; free virtual = 28240
---------------------------------------------------------------------------------
---------------------------------------------------------------------------------
Start Renaming Generated Instances
---------------------------------------------------------------------------------
---------------------------------------------------------------------------------
Finished Renaming Generated Instances : Time (s): cpu = 00:00:11 ; elapsed = 00:00:12 . Memory (MB): peak = 2534.430 ; gain = 873.125 ; free physical = 12923 ; free virtual = 28240
---------------------------------------------------------------------------------
---------------------------------------------------------------------------------
Start Rebuilding User Hierarchy
---------------------------------------------------------------------------------
---------------------------------------------------------------------------------
Finished Rebuilding User Hierarchy : Time (s): cpu = 00:00:11 ; elapsed = 00:00:12 . Memory (MB): peak = 2534.430 ; gain = 873.125 ; free physical = 12923 ; free virtual = 28240
---------------------------------------------------------------------------------
---------------------------------------------------------------------------------
Start Renaming Generated Ports
---------------------------------------------------------------------------------
---------------------------------------------------------------------------------
Finished Renaming Generated Ports : Time (s): cpu = 00:00:11 ; elapsed = 00:00:12 . Memory (MB): peak = 2534.430 ; gain = 873.125 ; free physical = 12923 ; free virtual = 28240
---------------------------------------------------------------------------------
---------------------------------------------------------------------------------
Start Handling Custom Attributes
---------------------------------------------------------------------------------
---------------------------------------------------------------------------------
Finished Handling Custom Attributes : Time (s): cpu = 00:00:11 ; elapsed = 00:00:12 . Memory (MB): peak = 2534.430 ; gain = 873.125 ; free physical = 12923 ; free virtual = 28240
---------------------------------------------------------------------------------
---------------------------------------------------------------------------------
Start Renaming Generated Nets
---------------------------------------------------------------------------------
---------------------------------------------------------------------------------
Finished Renaming Generated Nets : Time (s): cpu = 00:00:11 ; elapsed = 00:00:12 . Memory (MB): peak = 2534.430 ; gain = 873.125 ; free physical = 12923 ; free virtual = 28240
---------------------------------------------------------------------------------
---------------------------------------------------------------------------------
Start Writing Synthesis Report
---------------------------------------------------------------------------------

Report BlackBoxes: 
+-+--------------+----------+
| |BlackBox name |Instances |
+-+--------------+----------+
+-+--------------+----------+

Report Cell Usage: 
+------+-----+------+
|      |Cell |Count |
+------+-----+------+
|1     |LUT2 |     1|
|2     |LUT3 |     2|
|3     |LUT4 |     1|
|4     |LUT6 |     2|
|5     |IBUF |     8|
|6     |OBUF |     5|
+------+-----+------+
---------------------------------------------------------------------------------
Finished Writing Synthesis Report : Time (s): cpu = 00:00:11 ; elapsed = 00:00:12 . Memory (MB): peak = 2534.430 ; gain = 873.125 ; free physical = 12923 ; free virtual = 28240
---------------------------------------------------------------------------------
Synthesis finished with 0 errors, 1 critical warnings and 1 warnings.
Synthesis Optimization Runtime : Time (s): cpu = 00:00:11 ; elapsed = 00:00:11 . Memory (MB): peak = 2534.430 ; gain = 735.352 ; free physical = 12923 ; free virtual = 28240
Synthesis Optimization Complete : Time (s): cpu = 00:00:11 ; elapsed = 00:00:12 . Memory (MB): peak = 2534.438 ; gain = 873.125 ; free physical = 12923 ; free virtual = 28240
INFO: [Project 1-571] Translating synthesized netlist
Netlist sorting complete. Time (s): cpu = 00:00:00 ; elapsed = 00:00:00 . Memory (MB): peak = 2534.438 ; gain = 0.000 ; free physical = 12922 ; free virtual = 28240
INFO: [Project 1-570] Preparing netlist for logic optimization
INFO: [Opt 31-138] Pushed 0 inverter(s) to 0 load pin(s).
Netlist sorting complete. Time (s): cpu = 00:00:00 ; elapsed = 00:00:00 . Memory (MB): peak = 2590.457 ; gain = 0.000 ; free physical = 13084 ; free virtual = 28401
INFO: [Project 1-111] Unisim Transformation Summary:
No Unisim elements were transformed.

Synth Design complete | Checksum: e97e3a51
INFO: [Common 17-83] Releasing license: Synthesis
20 Infos, 1 Warnings, 1 Critical Warnings and 0 Errors encountered.
synth_design completed successfully
synth_design: Time (s): cpu = 00:00:15 ; elapsed = 00:00:14 . Memory (MB): peak = 2590.492 ; gain = 1058.492 ; free physical = 13082 ; free virtual = 28399
INFO: [Common 17-2834] synth_design peak Physical Memory [PSS] (MB): overall = 1770.232; main = 1703.685; forked = 275.672
INFO: [Common 17-2834] synth_design peak Virtual Memory [VSS] (MB): overall = 3350.871; main = 2590.461; forked = 989.250
INFO: [runtcl-6] Synthesis results are not added to the cache due to CRITICAL_WARNING
Write ShapeDB Complete: Time (s): cpu = 00:00:00 ; elapsed = 00:00:00 . Memory (MB): peak = 2614.469 ; gain = 0.000 ; free physical = 13082 ; free virtual = 28400
INFO: [Common 17-1381] The checkpoint '/home/jc2409/Projects/Comp_Arch_Onur_Labs/Lab_02/4bit_adder/4bit_adder.runs/synth_1/FourBitAdder.dcp' has been generated.
INFO: [Vivado 12-24828] Executing command : report_utilization -file FourBitAdder_utilization_synth.rpt -pb FourBitAdder_utilization_synth.pb
INFO: [Common 17-206] Exiting Vivado at Sat Sep 20 10:38:29 2025...
