
*** Running vivado
    with args -log fsm.vds -m64 -product Vivado -mode batch -messageDb vivado.pb -notrace -source fsm.tcl


****** Vivado v2025.1 (64-bit)
  **** SW Build 6140274 on Wed May 21 22:58:25 MDT 2025
  **** IP Build 6138677 on Thu May 22 03:10:11 MDT 2025
  **** SharedData Build 6139179 on Tue May 20 17:58:58 MDT 2025
  **** Start of session at: Sun Sep 21 23:59:42 2025
    ** Copyright 1986-2022 Xilinx, Inc. All Rights Reserved.
    ** Copyright 2022-2025 Advanced Micro Devices, Inc. All Rights Reserved.

source fsm.tcl -notrace
Command: read_checkpoint -auto_incremental -incremental /home/jc2409/Projects/Comp_Arch_Onur_Labs/Lab_04/finite_state_machines/finite_state_machines.srcs/utils_1/imports/synth_1/fsm.dcp
INFO: [Vivado 12-5825] Read reference checkpoint from /home/jc2409/Projects/Comp_Arch_Onur_Labs/Lab_04/finite_state_machines/finite_state_machines.srcs/utils_1/imports/synth_1/fsm.dcp for incremental synthesis
INFO: [Vivado 12-7989] Please ensure there are no constraint changes
Command: synth_design -top fsm -part xc7a35tcpg236-1
Starting synth_design
Attempting to get a license for feature 'Synthesis' and/or device 'xc7a35t'
INFO: [Common 17-349] Got license for feature 'Synthesis' and/or device 'xc7a35t'
INFO: [Device 21-403] Loading part xc7a35tcpg236-1
INFO: [Designutils 20-5440] No compile time benefit to using incremental synthesis; A full resynthesis will be run
INFO: [Designutils 20-4379] Flow is switching to default flow due to incremental criteria not met. If you would like to alter this behaviour and have the flow terminate instead, please set the following parameter config_implementation {autoIncr.Synth.RejectBehavior Terminate}
INFO: [Synth 8-7079] Multithreading enabled for synth_design using a maximum of 7 processes.
INFO: [Synth 8-7078] Launching helper process for spawning children vivado processes
INFO: [Synth 8-7075] Helper process launched with PID 86412
---------------------------------------------------------------------------------
Starting RTL Elaboration : Time (s): cpu = 00:00:03 ; elapsed = 00:00:03 . Memory (MB): peak = 2100.113 ; gain = 440.742 ; free physical = 15607 ; free virtual = 29828
---------------------------------------------------------------------------------
INFO: [Synth 8-6157] synthesizing module 'fsm' [/home/jc2409/Projects/Comp_Arch_Onur_Labs/Lab_04/finite_state_machines/finite_state_machines.srcs/sources_1/new/fsm.sv:23]
INFO: [Synth 8-6157] synthesizing module 'clock_divider' [/home/jc2409/Projects/Comp_Arch_Onur_Labs/Lab_04/finite_state_machines/finite_state_machines.srcs/sources_1/new/clock_divider.sv:23]
INFO: [Synth 8-6155] done synthesizing module 'clock_divider' (0#1) [/home/jc2409/Projects/Comp_Arch_Onur_Labs/Lab_04/finite_state_machines/finite_state_machines.srcs/sources_1/new/clock_divider.sv:23]
INFO: [Synth 8-155] case statement is not full and has no default [/home/jc2409/Projects/Comp_Arch_Onur_Labs/Lab_04/finite_state_machines/finite_state_machines.srcs/sources_1/new/fsm.sv:59]
INFO: [Synth 8-155] case statement is not full and has no default [/home/jc2409/Projects/Comp_Arch_Onur_Labs/Lab_04/finite_state_machines/finite_state_machines.srcs/sources_1/new/fsm.sv:86]
INFO: [Synth 8-6155] done synthesizing module 'fsm' (0#1) [/home/jc2409/Projects/Comp_Arch_Onur_Labs/Lab_04/finite_state_machines/finite_state_machines.srcs/sources_1/new/fsm.sv:23]
WARNING: [Synth 8-87] always_comb on 'next_state_reg' did not result in combinational logic [/home/jc2409/Projects/Comp_Arch_Onur_Labs/Lab_04/finite_state_machines/finite_state_machines.srcs/sources_1/new/fsm.sv:62]
WARNING: [Synth 8-87] always_comb on 'lights_reg' did not result in combinational logic [/home/jc2409/Projects/Comp_Arch_Onur_Labs/Lab_04/finite_state_machines/finite_state_machines.srcs/sources_1/new/fsm.sv:87]
---------------------------------------------------------------------------------
Finished RTL Elaboration : Time (s): cpu = 00:00:03 ; elapsed = 00:00:04 . Memory (MB): peak = 2173.082 ; gain = 513.711 ; free physical = 15531 ; free virtual = 29752
---------------------------------------------------------------------------------
---------------------------------------------------------------------------------
Start Handling Custom Attributes
---------------------------------------------------------------------------------
---------------------------------------------------------------------------------
Finished Handling Custom Attributes : Time (s): cpu = 00:00:03 ; elapsed = 00:00:04 . Memory (MB): peak = 2190.895 ; gain = 531.523 ; free physical = 15531 ; free virtual = 29752
---------------------------------------------------------------------------------
---------------------------------------------------------------------------------
Finished RTL Optimization Phase 1 : Time (s): cpu = 00:00:03 ; elapsed = 00:00:04 . Memory (MB): peak = 2190.895 ; gain = 531.523 ; free physical = 15531 ; free virtual = 29752
---------------------------------------------------------------------------------
Netlist sorting complete. Time (s): cpu = 00:00:00 ; elapsed = 00:00:00 . Memory (MB): peak = 2190.895 ; gain = 0.000 ; free physical = 15531 ; free virtual = 29752
INFO: [Project 1-570] Preparing netlist for logic optimization

Processing XDC Constraints
Initializing timing engine
Parsing XDC File [/home/jc2409/Projects/Comp_Arch_Onur_Labs/Lab_04/finite_state_machines/finite_state_machines.srcs/constrs_1/new/constraints.xdc]
Finished Parsing XDC File [/home/jc2409/Projects/Comp_Arch_Onur_Labs/Lab_04/finite_state_machines/finite_state_machines.srcs/constrs_1/new/constraints.xdc]
INFO: [Project 1-236] Implementation specific constraints were found while reading constraint file [/home/jc2409/Projects/Comp_Arch_Onur_Labs/Lab_04/finite_state_machines/finite_state_machines.srcs/constrs_1/new/constraints.xdc]. These constraints will be ignored for synthesis but will be used in implementation. Impacted constraints are listed in the file [.Xil/fsm_propImpl.xdc].
Resolution: To avoid this warning, move constraints listed in [.Xil/fsm_propImpl.xdc] to another XDC file and exclude this new file from synthesis with the used_in_synthesis property (File Properties dialog in GUI) and re-run elaboration/synthesis.
Completed Processing XDC Constraints

Netlist sorting complete. Time (s): cpu = 00:00:00 ; elapsed = 00:00:00 . Memory (MB): peak = 2307.633 ; gain = 0.000 ; free physical = 15538 ; free virtual = 29760
INFO: [Project 1-111] Unisim Transformation Summary:
No Unisim elements were transformed.

Constraint Validation Runtime : Time (s): cpu = 00:00:00 ; elapsed = 00:00:00.01 . Memory (MB): peak = 2307.668 ; gain = 0.000 ; free physical = 15538 ; free virtual = 29759
INFO: [Designutils 20-5440] No compile time benefit to using incremental synthesis; A full resynthesis will be run
INFO: [Designutils 20-4379] Flow is switching to default flow due to incremental criteria not met. If you would like to alter this behaviour and have the flow terminate instead, please set the following parameter config_implementation {autoIncr.Synth.RejectBehavior Terminate}
---------------------------------------------------------------------------------
Finished Constraint Validation : Time (s): cpu = 00:00:07 ; elapsed = 00:00:08 . Memory (MB): peak = 2307.668 ; gain = 648.297 ; free physical = 15527 ; free virtual = 29745
---------------------------------------------------------------------------------
---------------------------------------------------------------------------------
Start Loading Part and Timing Information
---------------------------------------------------------------------------------
Loading part: xc7a35tcpg236-1
---------------------------------------------------------------------------------
Finished Loading Part and Timing Information : Time (s): cpu = 00:00:07 ; elapsed = 00:00:08 . Memory (MB): peak = 2315.637 ; gain = 656.266 ; free physical = 15526 ; free virtual = 29745
---------------------------------------------------------------------------------
---------------------------------------------------------------------------------
Start Applying 'set_property' XDC Constraints
---------------------------------------------------------------------------------
---------------------------------------------------------------------------------
Finished applying 'set_property' XDC Constraints : Time (s): cpu = 00:00:07 ; elapsed = 00:00:08 . Memory (MB): peak = 2315.637 ; gain = 656.266 ; free physical = 15525 ; free virtual = 29744
---------------------------------------------------------------------------------
INFO: [Synth 8-802] inferred FSM for state register 'current_state_reg' in module 'fsm'
WARNING: [Synth 8-327] inferring latch for variable 'lights_reg' [/home/jc2409/Projects/Comp_Arch_Onur_Labs/Lab_04/finite_state_machines/finite_state_machines.srcs/sources_1/new/fsm.sv:87]
WARNING: [Synth 8-327] inferring latch for variable 'FSM_sequential_next_state_reg' [/home/jc2409/Projects/Comp_Arch_Onur_Labs/Lab_04/finite_state_machines/finite_state_machines.srcs/sources_1/new/fsm.sv:62]
WARNING: [Synth 8-327] inferring latch for variable 'FSM_onehot_next_state_reg' [/home/jc2409/Projects/Comp_Arch_Onur_Labs/Lab_04/finite_state_machines/finite_state_machines.srcs/sources_1/new/fsm.sv:62]
---------------------------------------------------------------------------------------------------
                   State |                     New Encoding |                Previous Encoding 
---------------------------------------------------------------------------------------------------
                      S0 |                              000 |                              000
                     SL1 |                              001 |                              001
                     SL2 |                              010 |                              010
                     SL3 |                              011 |                              011
                     SR1 |                              100 |                              100
                     SR2 |                              101 |                              101
                     SR3 |                              110 |                              111
---------------------------------------------------------------------------------------------------
INFO: [Synth 8-3354] encoded FSM with state register 'current_state_reg' using encoding 'sequential' in module 'fsm'
WARNING: [Synth 8-327] inferring latch for variable 'FSM_sequential_next_state_reg' [/home/jc2409/Projects/Comp_Arch_Onur_Labs/Lab_04/finite_state_machines/finite_state_machines.srcs/sources_1/new/fsm.sv:62]
---------------------------------------------------------------------------------
Finished RTL Optimization Phase 2 : Time (s): cpu = 00:00:08 ; elapsed = 00:00:08 . Memory (MB): peak = 2315.637 ; gain = 656.266 ; free physical = 15527 ; free virtual = 29746
---------------------------------------------------------------------------------
---------------------------------------------------------------------------------
Start RTL Component Statistics 
---------------------------------------------------------------------------------
Detailed RTL Component Info : 
+---Muxes : 
	   7 Input    6 Bit        Muxes := 1     
	   7 Input    3 Bit        Muxes := 2     
	   2 Input    3 Bit        Muxes := 3     
	   7 Input    1 Bit        Muxes := 3     
---------------------------------------------------------------------------------
Finished RTL Component Statistics 
---------------------------------------------------------------------------------
---------------------------------------------------------------------------------
Start Part Resource Summary
---------------------------------------------------------------------------------
Part Resources:
DSPs: 90 (col length:60)
BRAMs: 100 (col length: RAMB18 60 RAMB36 30)
---------------------------------------------------------------------------------
Finished Part Resource Summary
---------------------------------------------------------------------------------
---------------------------------------------------------------------------------
Start Cross Boundary and Area Optimization
---------------------------------------------------------------------------------
WARNING: [Synth 8-7080] Parallel synthesis criteria is not met
---------------------------------------------------------------------------------
Finished Cross Boundary and Area Optimization : Time (s): cpu = 00:00:08 ; elapsed = 00:00:09 . Memory (MB): peak = 2315.637 ; gain = 656.266 ; free physical = 15492 ; free virtual = 29715
---------------------------------------------------------------------------------
---------------------------------------------------------------------------------
Start Applying XDC Timing Constraints
---------------------------------------------------------------------------------
---------------------------------------------------------------------------------
Finished Applying XDC Timing Constraints : Time (s): cpu = 00:00:11 ; elapsed = 00:00:12 . Memory (MB): peak = 2350.637 ; gain = 691.266 ; free physical = 15343 ; free virtual = 29567
---------------------------------------------------------------------------------
---------------------------------------------------------------------------------
Start Timing Optimization
---------------------------------------------------------------------------------
---------------------------------------------------------------------------------
Finished Timing Optimization : Time (s): cpu = 00:00:11 ; elapsed = 00:00:12 . Memory (MB): peak = 2369.668 ; gain = 710.297 ; free physical = 15319 ; free virtual = 29543
---------------------------------------------------------------------------------
---------------------------------------------------------------------------------
Start Technology Mapping
---------------------------------------------------------------------------------
---------------------------------------------------------------------------------
Finished Technology Mapping : Time (s): cpu = 00:00:11 ; elapsed = 00:00:12 . Memory (MB): peak = 2369.668 ; gain = 710.297 ; free physical = 15318 ; free virtual = 29542
---------------------------------------------------------------------------------
---------------------------------------------------------------------------------
Start IO Insertion
---------------------------------------------------------------------------------
---------------------------------------------------------------------------------
Start Flattening Before IO Insertion
---------------------------------------------------------------------------------
---------------------------------------------------------------------------------
Finished Flattening Before IO Insertion
---------------------------------------------------------------------------------
---------------------------------------------------------------------------------
Start Final Netlist Cleanup
---------------------------------------------------------------------------------
---------------------------------------------------------------------------------
Finished Final Netlist Cleanup
---------------------------------------------------------------------------------
---------------------------------------------------------------------------------
Finished IO Insertion : Time (s): cpu = 00:00:13 ; elapsed = 00:00:14 . Memory (MB): peak = 2544.480 ; gain = 885.109 ; free physical = 15196 ; free virtual = 29419
---------------------------------------------------------------------------------
---------------------------------------------------------------------------------
Start Renaming Generated Instances
---------------------------------------------------------------------------------
---------------------------------------------------------------------------------
Finished Renaming Generated Instances : Time (s): cpu = 00:00:13 ; elapsed = 00:00:14 . Memory (MB): peak = 2544.480 ; gain = 885.109 ; free physical = 15196 ; free virtual = 29419
---------------------------------------------------------------------------------
---------------------------------------------------------------------------------
Start Rebuilding User Hierarchy
---------------------------------------------------------------------------------
---------------------------------------------------------------------------------
Finished Rebuilding User Hierarchy : Time (s): cpu = 00:00:13 ; elapsed = 00:00:14 . Memory (MB): peak = 2544.480 ; gain = 885.109 ; free physical = 15196 ; free virtual = 29419
---------------------------------------------------------------------------------
---------------------------------------------------------------------------------
Start Renaming Generated Ports
---------------------------------------------------------------------------------
---------------------------------------------------------------------------------
Finished Renaming Generated Ports : Time (s): cpu = 00:00:13 ; elapsed = 00:00:14 . Memory (MB): peak = 2544.480 ; gain = 885.109 ; free physical = 15197 ; free virtual = 29420
---------------------------------------------------------------------------------
---------------------------------------------------------------------------------
Start Handling Custom Attributes
---------------------------------------------------------------------------------
---------------------------------------------------------------------------------
Finished Handling Custom Attributes : Time (s): cpu = 00:00:13 ; elapsed = 00:00:14 . Memory (MB): peak = 2544.480 ; gain = 885.109 ; free physical = 15197 ; free virtual = 29420
---------------------------------------------------------------------------------
---------------------------------------------------------------------------------
Start Renaming Generated Nets
---------------------------------------------------------------------------------
---------------------------------------------------------------------------------
Finished Renaming Generated Nets : Time (s): cpu = 00:00:13 ; elapsed = 00:00:14 . Memory (MB): peak = 2544.480 ; gain = 885.109 ; free physical = 15197 ; free virtual = 29420
---------------------------------------------------------------------------------
---------------------------------------------------------------------------------
Start Writing Synthesis Report
---------------------------------------------------------------------------------

Report BlackBoxes: 
+-+--------------+----------+
| |BlackBox name |Instances |
+-+--------------+----------+
+-+--------------+----------+

Report Cell Usage: 
+------+-------+------+
|      |Cell   |Count |
+------+-------+------+
|1     |BUFG   |     1|
|2     |CARRY4 |     7|
|3     |LUT1   |     1|
|4     |LUT2   |     1|
|5     |LUT3   |    10|
|6     |LUT5   |     3|
|7     |LUT6   |     4|
|8     |FDRE   |    28|
|9     |LD     |     9|
|10    |IBUF   |     4|
|11    |OBUF   |     6|
+------+-------+------+
---------------------------------------------------------------------------------
Finished Writing Synthesis Report : Time (s): cpu = 00:00:13 ; elapsed = 00:00:14 . Memory (MB): peak = 2544.480 ; gain = 885.109 ; free physical = 15197 ; free virtual = 29420
---------------------------------------------------------------------------------
Synthesis finished with 0 errors, 0 critical warnings and 5 warnings.
Synthesis Optimization Runtime : Time (s): cpu = 00:00:12 ; elapsed = 00:00:13 . Memory (MB): peak = 2544.480 ; gain = 768.336 ; free physical = 15204 ; free virtual = 29427
Synthesis Optimization Complete : Time (s): cpu = 00:00:13 ; elapsed = 00:00:14 . Memory (MB): peak = 2544.488 ; gain = 885.109 ; free physical = 15204 ; free virtual = 29427
INFO: [Project 1-571] Translating synthesized netlist
Netlist sorting complete. Time (s): cpu = 00:00:00 ; elapsed = 00:00:00 . Memory (MB): peak = 2544.488 ; gain = 0.000 ; free physical = 15205 ; free virtual = 29429
INFO: [Netlist 29-17] Analyzing 16 Unisim elements for replacement
INFO: [Netlist 29-28] Unisim Transformation completed in 0 CPU seconds
INFO: [Project 1-570] Preparing netlist for logic optimization
INFO: [Opt 31-138] Pushed 0 inverter(s) to 0 load pin(s).
Netlist sorting complete. Time (s): cpu = 00:00:00 ; elapsed = 00:00:00 . Memory (MB): peak = 2600.508 ; gain = 0.000 ; free physical = 15352 ; free virtual = 29578
INFO: [Project 1-111] Unisim Transformation Summary:
  A total of 9 instances were transformed.
  LD => LDCE: 9 instances

Synth Design complete | Checksum: 5bf912b9
INFO: [Common 17-83] Releasing license: Synthesis
29 Infos, 7 Warnings, 0 Critical Warnings and 0 Errors encountered.
synth_design completed successfully
synth_design: Time (s): cpu = 00:00:17 ; elapsed = 00:00:17 . Memory (MB): peak = 2600.543 ; gain = 1078.383 ; free physical = 15356 ; free virtual = 29582
INFO: [Common 17-2834] synth_design peak Physical Memory [PSS] (MB): overall = 1719.256; main = 1719.256; forked = 274.777
INFO: [Common 17-2834] synth_design peak Virtual Memory [VSS] (MB): overall = 3304.891; main = 2600.512; forked = 989.250
Write ShapeDB Complete: Time (s): cpu = 00:00:00 ; elapsed = 00:00:00 . Memory (MB): peak = 2624.520 ; gain = 0.000 ; free physical = 15356 ; free virtual = 29582
INFO: [Common 17-1381] The checkpoint '/home/jc2409/Projects/Comp_Arch_Onur_Labs/Lab_04/finite_state_machines/finite_state_machines.runs/synth_1/fsm.dcp' has been generated.
INFO: [Vivado 12-24828] Executing command : report_utilization -file fsm_utilization_synth.rpt -pb fsm_utilization_synth.pb
INFO: [Common 17-206] Exiting Vivado at Mon Sep 22 00:00:01 2025...
